# JRE version: OpenJDK Runtime Environment (11.0.11+9) (build 11.0.11+9-b60-7590822)
# Java VM: OpenJDK 64-Bit Server VM (11.0.11+9-b60-7590822, mixed mode, tiered, compressed oops, g1 gc, windows-amd64)
Heap:
 garbage-first heap   total 95232K, used 51091K [0x00000000a0000000, 0x0000000100000000)
  region size 1024K, 1 young (1024K), 1 survivors (1024K)
 Metaspace       used 60940K, capacity 62403K, committed 62464K, reserved 1103872K
  class space    used 7653K, capacity 8179K, committed 8192K, reserved 1048576K
GC Heap History (20 events):
Event: 167.849 GC heap after
{Heap after GC invocations=37 (full 0):
 garbage-first heap   total 65536K, used 44629K [0x00000000a0000000, 0x0000000100000000)
  region size 1024K, 1 young (1024K), 1 survivors (1024K)
 Metaspace       used 54170K, capacity 55349K, committed 55552K, reserved 1097728K
  class space    used 6858K, capacity 7310K, committed 7424K, reserved 1048576K
}
Event: 168.517 GC heap before
{Heap before GC invocations=37 (full 0):
 garbage-first heap   total 65536K, used 53845K [0x00000000a0000000, 0x0000000100000000)
  region size 1024K, 10 young (10240K), 1 survivors (1024K)
 Metaspace       used 54947K, capacity 56125K, committed 56320K, reserved 1097728K
  class space    used 6960K, capacity 7416K, committed 7424K, reserved 1048576K
}
Event: 168.525 GC heap after
{Heap after GC invocations=38 (full 0):
 garbage-first heap   total 65536K, used 45117K [0x00000000a0000000, 0x0000000100000000)
  region size 1024K, 2 young (2048K), 2 survivors (2048K)
 Metaspace       used 54947K, capacity 56125K, committed 56320K, reserved 1097728K
  class space    used 6960K, capacity 7416K, committed 7424K, reserved 1048576K
}
Event: 169.473 GC heap before
{Heap before GC invocations=39 (full 0):
 garbage-first heap   total 65536K, used 52285K [0x00000000a0000000, 0x0000000100000000)
  region size 1024K, 10 young (10240K), 2 survivors (2048K)
 Metaspace       used 55771K, capacity 57015K, committed 57216K, reserved 1099776K
  class space    used 7064K, capacity 7519K, committed 7552K, reserved 1048576K
}
Event: 169.483 GC heap after
{Heap after GC invocations=40 (full 0):
 garbage-first heap   total 65536K, used 45510K [0x00000000a0000000, 0x0000000100000000)
  region size 1024K, 2 young (2048K), 2 survivors (2048K)
 Metaspace       used 55771K, capacity 57015K, committed 57216K, reserved 1099776K
  class space    used 7064K, capacity 7519K, committed 7552K, reserved 1048576K
}
Event: 169.754 GC heap before
{Heap before GC invocations=40 (full 0):
 garbage-first heap   total 65536K, used 48582K [0x00000000a0000000, 0x0000000100000000)
  region size 1024K, 6 young (6144K), 2 survivors (2048K)
 Metaspace       used 56119K, capacity 57399K, committed 57600K, reserved 1099776K
  class space    used 7104K, capacity 7583K, committed 7680K, reserved 1048576K
}
Event: 169.763 GC heap after
{Heap after GC invocations=41 (full 0):
 garbage-first heap   total 65536K, used 45912K [0x00000000a0000000, 0x0000000100000000)
  region size 1024K, 2 young (2048K), 2 survivors (2048K)
 Metaspace       used 56119K, capacity 57399K, committed 57600K, reserved 1099776K
  class space    used 7104K, capacity 7583K, committed 7680K, reserved 1048576K
}
Event: 170.547 GC heap before
{Heap before GC invocations=42 (full 0):
 garbage-first heap   total 65536K, used 54104K [0x00000000a0000000, 0x0000000100000000)
  region size 1024K, 9 young (9216K), 2 survivors (2048K)
 Metaspace       used 56806K, capacity 58030K, committed 58112K, reserved 1099776K
  class space    used 7166K, capacity 7619K, committed 7680K, reserved 1048576K
}
Event: 170.559 GC heap after
{Heap after GC invocations=43 (full 0):
 garbage-first heap   total 65536K, used 46561K [0x00000000a0000000, 0x0000000100000000)
  region size 1024K, 2 young (2048K), 2 survivors (2048K)
 Metaspace       used 56806K, capacity 58030K, committed 58112K, reserved 1099776K
  class space    used 7166K, capacity 7619K, committed 7680K, reserved 1048576K
}
Event: 172.215 GC heap before
{Heap before GC invocations=43 (full 0):
 garbage-first heap   total 65536K, used 53729K [0x00000000a0000000, 0x0000000100000000)
  region size 1024K, 9 young (9216K), 2 survivors (2048K)
 Metaspace       used 58961K, capacity 60257K, committed 60416K, reserved 1101824K
  class space    used 7401K, capacity 7874K, committed 7936K, reserved 1048576K
}
Event: 172.225 GC heap after
{Heap after GC invocations=44 (full 0):
 garbage-first heap   total 65536K, used 46404K [0x00000000a0000000, 0x0000000100000000)
  region size 1024K, 1 young (1024K), 1 survivors (1024K)
 Metaspace       used 58961K, capacity 60257K, committed 60416K, reserved 1101824K
  class space    used 7401K, capacity 7874K, committed 7936K, reserved 1048576K
}
Event: 173.213 GC heap before
{Heap before GC invocations=45 (full 0):
 garbage-first heap   total 65536K, used 53572K [0x00000000a0000000, 0x0000000100000000)
  region size 1024K, 8 young (8192K), 1 survivors (1024K)
 Metaspace       used 59744K, capacity 61105K, committed 61312K, reserved 1101824K
  class space    used 7494K, capacity 8007K, committed 8064K, reserved 1048576K
}
Event: 173.225 GC heap after
{Heap after GC invocations=46 (full 0):
 garbage-first heap   total 78848K, used 46717K [0x00000000a0000000, 0x0000000100000000)
  region size 1024K, 1 young (1024K), 1 survivors (1024K)
 Metaspace       used 59744K, capacity 61105K, committed 61312K, reserved 1101824K
  class space    used 7494K, capacity 8007K, committed 8064K, reserved 1048576K
}
Event: 175.343 GC heap before
{Heap before GC invocations=46 (full 0):
 garbage-first heap   total 78848K, used 60029K [0x00000000a0000000, 0x0000000100000000)
  region size 1024K, 14 young (14336K), 1 survivors (1024K)
 Metaspace       used 60389K, capacity 61784K, committed 61824K, reserved 1103872K
  class space    used 7557K, capacity 8055K, committed 8064K, reserved 1048576K
}
Event: 175.355 GC heap after
{Heap after GC invocations=47 (full 0):
 garbage-first heap   total 78848K, used 47584K [0x00000000a0000000, 0x0000000100000000)
  region size 1024K, 2 young (2048K), 2 survivors (2048K)
 Metaspace       used 60389K, capacity 61784K, committed 61824K, reserved 1103872K
  class space    used 7557K, capacity 8055K, committed 8064K, reserved 1048576K
}
Event: 176.239 GC heap before
{Heap before GC invocations=48 (full 0):
 garbage-first heap   total 78848K, used 60896K [0x00000000a0000000, 0x0000000100000000)
  region size 1024K, 15 young (15360K), 2 survivors (2048K)
 Metaspace       used 60478K, capacity 61914K, committed 62080K, reserved 1103872K
  class space    used 7565K, capacity 8057K, committed 8064K, reserved 1048576K
}
Event: 176.255 GC heap after
{Heap after GC invocations=49 (full 0):
 garbage-first heap   total 78848K, used 48880K [0x00000000a0000000, 0x0000000100000000)
  region size 1024K, 2 young (2048K), 2 survivors (2048K)
 Metaspace       used 60478K, capacity 61914K, committed 62080K, reserved 1103872K
  class space    used 7565K, capacity 8057K, committed 8064K, reserved 1048576K
}
Event: 176.773 GC heap before
{Heap before GC invocations=49 (full 0):
 garbage-first heap   total 78848K, used 62192K [0x00000000a0000000, 0x0000000100000000)
  region size 1024K, 15 young (15360K), 2 survivors (2048K)
 Metaspace       used 60768K, capacity 62305K, committed 62464K, reserved 1103872K
  class space    used 7619K, capacity 8165K, committed 8192K, reserved 1048576K
}
Event: 176.792 GC heap after
{Heap after GC invocations=50 (full 0):
 garbage-first heap   total 78848K, used 50259K [0x00000000a0000000, 0x0000000100000000)
  region size 1024K, 2 young (2048K), 2 survivors (2048K)
 Metaspace       used 60768K, capacity 62305K, committed 62464K, reserved 1103872K
  class space    used 7619K, capacity 8165K, committed 8192K, reserved 1048576K
}
Event: 177.464 GC heap before
{Heap before GC invocations=51 (full 0):
 garbage-first heap   total 78848K, used 62547K [0x00000000a0000000, 0x0000000100000000)
  region size 1024K, 14 young (14336K), 2 survivors (2048K)
 Metaspace       used 60940K, capacity 62403K, committed 62464K, reserved 1103872K
  class space    used 7653K, capacity 8179K, committed 8192K, reserved 1048576K
}

